\BOOKMARK [-1][]{ctitle.-1}{\376\377\127\372\116\216\130\360\173\241\166\204\213\355\227\363\124\010\142\020}{}% 1
\BOOKMARK [0][]{cabstract.0}{\376\377\144\130\000\040\000\040\211\201}{ctitle.-1}% 2
\BOOKMARK [0][]{eabstract.0}{\376\377\000A\000B\000S\000T\000R\000A\000C\000T}{ctitle.-1}% 3
\BOOKMARK [0][]{mulu.0}{\376\377\166\356\000\040\000\040\137\125}{ctitle.-1}% 4
\BOOKMARK [0][]{section*.5}{\376\377\173\054\116\000\172\340\000\040\000\040\176\352\213\272}{ctitle.-1}% 5
\BOOKMARK [1][]{section*.6}{\376\377\0001\000.\0001\000\040\170\024\172\166\200\314\146\157}{section*.5}% 6
\BOOKMARK [1][]{section*.7}{\376\377\0001\000.\0002\000\040\123\321\134\125\163\260\162\266}{section*.5}% 7
\BOOKMARK [1][]{section*.8}{\376\377\0001\000.\0003\000\040\147\054\145\207\170\024\172\166\121\205\133\271\124\214\176\304\176\307\176\323\147\204}{section*.5}% 8
\BOOKMARK [0][]{section*.11}{\376\377\173\054\116\214\172\340\000\040\000\040\166\370\121\163\164\006\213\272\127\372\170\100}{ctitle.-1}% 9
\BOOKMARK [1][]{section*.12}{\376\377\0002\000.\0001\000\040\000R\000I\000F\000F\000/\000W\000A\000V}{section*.11}% 10
\BOOKMARK [1][]{section*.18}{\376\377\0002\000.\0002\000\040\000\040\116\000\116\233\166\370\121\163\162\151\164\006\167\345\213\306}{section*.11}% 11
\BOOKMARK [1][]{section*.23}{\376\377\0002\000.\0003\000\040\213\355\227\363\133\146\166\370\121\163\167\345\213\306}{section*.11}% 12
\BOOKMARK [0][]{section*.31}{\376\377\173\054\116\011\172\340\000\040\000\040\152\041\127\213\147\204\136\372}{ctitle.-1}% 13
\BOOKMARK [1][]{section*.32}{\376\377\0003\000.\0001\000\040\130\360\133\146\152\041\127\213}{section*.31}% 14
\BOOKMARK [1][]{section*.35}{\376\377\0003\000.\0002\000\040\126\152\130\360\156\220\152\041\127\213}{section*.31}% 15
\BOOKMARK [1][]{section*.40}{\376\377\0003\000.\0003\000\040\116\343\170\001\163\257\130\203}{section*.31}% 16
\BOOKMARK [1][]{section*.41}{\376\377\0003\000.\0004\000\040\146\156\220\032\210\150\150\074\166\204\176\330\122\066\145\271\154\325}{section*.31}% 17
\BOOKMARK [0][]{section*.43}{\376\377\176\323\000\040\213\272}{ctitle.-1}% 18
\BOOKMARK [0][]{section*.46}{\376\377\123\302\200\003\145\207\163\056}{ctitle.-1}% 19
\BOOKMARK [0][]{section*.48}{\376\377\131\026\145\207\215\104\145\231}{ctitle.-1}% 20
\BOOKMARK [0][]{section*.50}{\376\377\116\055\145\207\213\321\145\207}{ctitle.-1}% 21
\BOOKMARK [0][]{section*.52}{\376\377\201\364\000\040\214\042}{ctitle.-1}% 22
